<?xml version="1.0" encoding="UTF-8"?>
<testsuite name="com.itau.pix.data.PixTest" tests="1" skipped="0" failures="0" errors="0" timestamp="2023-02-11T17:49:59" hostname="MacBook-Pro-de-Leandro.local" time="0.004">
  <properties/>
  <testcase name="Parse PIX Entity from request" classname="com.itau.pix.data.PixTest" time="0.004"/>
  <system-out><![CDATA[]]></system-out>
  <system-err><![CDATA[]]></system-err>
</testsuite>
