<?xml version="1.0" encoding="UTF-8"?>
<testsuite name="com.itau.pix.dto.response.SearchResponseDTOTest" tests="1" skipped="0" failures="0" errors="0" timestamp="2023-02-11T17:49:59" hostname="MacBook-Pro-de-Leandro.local" time="0.0">
  <properties/>
  <testcase name="Create response DTO from PIX data" classname="com.itau.pix.dto.response.SearchResponseDTOTest" time="0.0"/>
  <system-out><![CDATA[]]></system-out>
  <system-err><![CDATA[]]></system-err>
</testsuite>
